<?xml version="1.0" encoding="UTF-8"?>
<!-- Generated by org.testng.reporters.JUnitReportReporter -->
<testsuite hostname="Apples-MacBook-Air.local" failures="0" tests="1" name="LoginTests.LoginTest" time="12.948" errors="0" timestamp="2025-01-02T19:34:02 IST" skipped="0">
  <testcase classname="LoginTests.LoginTest" name="verifyLoginPageAllLinksAreClickable" time="12.948"/>
</testsuite> <!-- LoginTests.LoginTest -->
